c:\users\tomzi\source\repos\snakegame\snakegame\debug\vc142.pdb
c:\users\tomzi\source\repos\snakegame\snakegame\debug\vc142.idb
c:\users\tomzi\source\repos\snakegame\snakegame\debug\source.obj
d:\project\snakegame\snakegame\debug\vc142.pdb
d:\project\snakegame\snakegame\debug\vc142.idb
d:\project\snakegame\snakegame\debug\random.obj
d:\project\snakegame\snakegame\debug\console.obj
d:\project\snakegame\snakegame\debug\source.obj
c:\users\tomzi\source\repos\snakegame\debug\snakegame.exe
c:\users\tomzi\source\repos\snakegame\debug\snakegame.ilk
c:\users\tomzi\source\repos\snakegame\debug\snakegame.pdb
d:\project\snakegame\debug\snakegame.exe
d:\project\snakegame\debug\snakegame.ilk
d:\project\snakegame\debug\snakegame.pdb
d:\project\snakegame\snakegame\debug\snakegame.tlog\cl.command.1.tlog
d:\project\snakegame\snakegame\debug\snakegame.tlog\cl.read.1.tlog
d:\project\snakegame\snakegame\debug\snakegame.tlog\cl.write.1.tlog
d:\project\snakegame\snakegame\debug\snakegame.tlog\link.command.1.tlog
d:\project\snakegame\snakegame\debug\snakegame.tlog\link.read.1.tlog
d:\project\snakegame\snakegame\debug\snakegame.tlog\link.write.1.tlog
